1612456357430	geckodriver	INFO	Listening on 127.0.0.1:42559
1612456358437	mozrunner::runner	INFO	Running command: "/usr/bin/firefox" "--marionette" "-headless" "-foreground" "-no-remote" "-profile" "/tmp/rust_mozprofilevUPlF8"
*** You are running in headless mode.
console.warn: SearchSettings: "get: No settings file exists, new profile?" (new Error("", "(unknown module)"))
console.warn: SearchSettings: "get: No settings file exists, new profile?" (new Error("", "(unknown module)"))
1612456360423	Marionette	INFO	Listening on port 44397
1612456360474	Marionette	WARN	TLS certificate errors will be ignored for this session
1612456360488	Marionette	ERROR	[15] No reply from Marionette:Register
Exiting due to channel error.
Exiting due to channel error.
Exiting due to channel error.
1612456388562	geckodriver	INFO	Listening on 127.0.0.1:33259
1612456389569	mozrunner::runner	INFO	Running command: "/usr/bin/firefox" "--marionette" "-foreground" "-no-remote" "-profile" "/tmp/rust_mozprofilesBbk1g"
console.warn: SearchSettings: "get: No settings file exists, new profile?" (new Error("", "(unknown module)"))
1612456391660	Marionette	INFO	Listening on port 43865
1612456391710	Marionette	WARN	TLS certificate errors will be ignored for this session
1612456391734	Marionette	ERROR	[15] No reply from Marionette:Register
console.warn: SearchSettings: "get: No settings file exists, new profile?" (new Error("", "(unknown module)"))
Marionette threw an error: TypeError: this.curBrowser.contentBrowser is null
GeckoDriver.prototype.navigateTo@chrome://marionette/content/driver.js:1258:3

1612456407194	Marionette	ERROR	[33] No reply from Marionette:Register
JavaScript error: , line 0: NotFoundError: No such JSWindowActor 'MarionetteEvents'
1612456411784	Marionette	INFO	Stopped listening on port 43865

###!!! [Parent][RunMessage] Error: Channel closing: too late to send/recv, messages will be lost

1612456427729	geckodriver	INFO	Listening on 127.0.0.1:54343
1612456428736	mozrunner::runner	INFO	Running command: "/usr/bin/firefox" "--marionette" "-foreground" "-no-remote" "-profile" "/tmp/rust_mozprofileVTEOky"
console.warn: SearchSettings: "get: No settings file exists, new profile?" (new Error("", "(unknown module)"))
console.warn: SearchSettings: "get: No settings file exists, new profile?" (new Error("", "(unknown module)"))
1612456430876	Marionette	INFO	Listening on port 45637
1612456430974	Marionette	WARN	TLS certificate errors will be ignored for this session
1612456430987	Marionette	ERROR	[15] No reply from Marionette:Register
JavaScript error: , line 0: NotFoundError: No such JSWindowActor 'MarionetteEvents'
1612456432482	Marionette	WARN	Ignoring event 'DOMContentLoaded' because document has an invalid readyState of 'complete'.
1612456433827	Marionette	INFO	Stopped listening on port 45637

###!!! [Parent][RunMessage] Error: Channel closing: too late to send/recv, messages will be lost

1612456608616	geckodriver	INFO	Listening on 127.0.0.1:52387
1612456609623	mozrunner::runner	INFO	Running command: "/usr/bin/firefox" "--marionette" "-headless" "-foreground" "-no-remote" "-profile" "/tmp/rust_mozprofileV1N8rJ"
*** You are running in headless mode.
console.warn: SearchSettings: "get: No settings file exists, new profile?" (new Error("", "(unknown module)"))
1612456611299	Marionette	INFO	Listening on port 34241
console.warn: SearchSettings: "get: No settings file exists, new profile?" (new Error("", "(unknown module)"))
1612456611357	Marionette	WARN	TLS certificate errors will be ignored for this session
1612456611379	Marionette	ERROR	[15] No reply from Marionette:Register
JavaScript error: , line 0: NotFoundError: No such JSWindowActor 'MarionetteEvents'
1612456612991	Marionette	WARN	Ignoring event 'DOMContentLoaded' because document has an invalid readyState of 'complete'.
1612456614133	Marionette	INFO	Stopped listening on port 34241
1612456645049	geckodriver	INFO	Listening on 127.0.0.1:50441
1612456645053	mozrunner::runner	INFO	Running command: "/usr/bin/firefox" "--marionette" "-headless" "-foreground" "-no-remote" "-profile" "/tmp/rust_mozprofile2AxP6T"
*** You are running in headless mode.
console.warn: SearchSettings: "get: No settings file exists, new profile?" (new Error("", "(unknown module)"))
1612456646667	Marionette	INFO	Listening on port 36403
1612456646785	Marionette	WARN	TLS certificate errors will be ignored for this session
1612456646798	Marionette	ERROR	[15] No reply from Marionette:Register
console.warn: SearchSettings: "get: No settings file exists, new profile?" (new Error("", "(unknown module)"))
JavaScript error: , line 0: NotFoundError: No such JSWindowActor 'MarionetteEvents'
1612456648095	Marionette	WARN	Ignoring event 'DOMContentLoaded' because document has an invalid readyState of 'complete'.
1612456649941	Marionette	INFO	Stopped listening on port 36403
1612456704314	geckodriver	INFO	Listening on 127.0.0.1:45261
1612456705320	mozrunner::runner	INFO	Running command: "/usr/bin/firefox" "--marionette" "-headless" "-foreground" "-no-remote" "-profile" "/tmp/rust_mozprofileMHuIaj"
*** You are running in headless mode.
console.warn: SearchSettings: "get: No settings file exists, new profile?" (new Error("", "(unknown module)"))
1612456707001	Marionette	INFO	Listening on port 37627
console.warn: SearchSettings: "get: No settings file exists, new profile?" (new Error("", "(unknown module)"))
1612456707067	Marionette	WARN	TLS certificate errors will be ignored for this session
1612456707080	Marionette	ERROR	[15] No reply from Marionette:Register
JavaScript error: , line 0: NotFoundError: No such JSWindowActor 'MarionetteEvents'
1612456710476	Marionette	WARN	Ignoring event 'DOMContentLoaded' because document has an invalid readyState of 'complete'.
1612456712129	Marionette	INFO	Stopped listening on port 37627
1612456731956	geckodriver	INFO	Listening on 127.0.0.1:38135
1612456732963	mozrunner::runner	INFO	Running command: "/usr/bin/firefox" "--marionette" "-headless" "-foreground" "-no-remote" "-profile" "/tmp/rust_mozprofile5dX2QH"
*** You are running in headless mode.
console.warn: SearchSettings: "get: No settings file exists, new profile?" (new Error("", "(unknown module)"))
console.warn: SearchSettings: "get: No settings file exists, new profile?" (new Error("", "(unknown module)"))
1612456734748	Marionette	INFO	Listening on port 33163
1612456734795	Marionette	WARN	TLS certificate errors will be ignored for this session
1612456734808	Marionette	ERROR	[15] No reply from Marionette:Register
JavaScript error: , line 0: NotFoundError: No such JSWindowActor 'MarionetteEvents'
1612456736255	Marionette	WARN	Ignoring event 'DOMContentLoaded' because document has an invalid readyState of 'complete'.
1612456737970	Marionette	INFO	Stopped listening on port 33163
1612456807165	geckodriver	INFO	Listening on 127.0.0.1:38585
1612456807170	mozrunner::runner	INFO	Running command: "/usr/bin/firefox" "--marionette" "-headless" "-foreground" "-no-remote" "-profile" "/tmp/rust_mozprofiled4aeum"
*** You are running in headless mode.
console.warn: SearchSettings: "get: No settings file exists, new profile?" (new Error("", "(unknown module)"))
1612456808761	Marionette	INFO	Listening on port 34385
1612456808791	Marionette	WARN	TLS certificate errors will be ignored for this session
1612456808808	Marionette	ERROR	[15] No reply from Marionette:Register
console.warn: SearchSettings: "get: No settings file exists, new profile?" (new Error("", "(unknown module)"))
JavaScript error: , line 0: NotFoundError: No such JSWindowActor 'MarionetteEvents'
1612456810278	Marionette	WARN	Ignoring event 'DOMContentLoaded' because document has an invalid readyState of 'complete'.
1612456812668	Marionette	INFO	Stopped listening on port 34385
1612456902658	geckodriver	INFO	Listening on 127.0.0.1:39837
1612456903665	mozrunner::runner	INFO	Running command: "/usr/bin/firefox" "--marionette" "-headless" "-foreground" "-no-remote" "-profile" "/tmp/rust_mozprofilefKvzvn"
*** You are running in headless mode.
console.warn: SearchSettings: "get: No settings file exists, new profile?" (new Error("", "(unknown module)"))
console.warn: SearchSettings: "get: No settings file exists, new profile?" (new Error("", "(unknown module)"))
1612456905423	Marionette	INFO	Listening on port 39073
1612456905497	Marionette	WARN	TLS certificate errors will be ignored for this session
1612456905516	Marionette	ERROR	[18] No reply from Marionette:Register
JavaScript error: , line 0: NotFoundError: No such JSWindowActor 'MarionetteEvents'
1612456906894	Marionette	WARN	Ignoring event 'DOMContentLoaded' because document has an invalid readyState of 'complete'.
1612456909885	Marionette	INFO	Stopped listening on port 39073
1612457011244	geckodriver	INFO	Listening on 127.0.0.1:48927
1612457012251	mozrunner::runner	INFO	Running command: "/usr/bin/firefox" "--marionette" "-headless" "-foreground" "-no-remote" "-profile" "/tmp/rust_mozprofileZY77Hp"
*** You are running in headless mode.
console.warn: SearchSettings: "get: No settings file exists, new profile?" (new Error("", "(unknown module)"))
1612457014036	Marionette	INFO	Listening on port 41533
1612457014090	Marionette	WARN	TLS certificate errors will be ignored for this session
1612457014114	Marionette	ERROR	[15] No reply from Marionette:Register
console.warn: SearchSettings: "get: No settings file exists, new profile?" (new Error("", "(unknown module)"))
JavaScript error: , line 0: NotFoundError: No such JSWindowActor 'MarionetteEvents'
1612457015393	Marionette	WARN	Ignoring event 'DOMContentLoaded' because document has an invalid readyState of 'complete'.
1612457016637	Marionette	INFO	Stopped listening on port 41533
1612457056672	geckodriver	INFO	Listening on 127.0.0.1:46135
1612457057678	mozrunner::runner	INFO	Running command: "/usr/bin/firefox" "--marionette" "-headless" "-foreground" "-no-remote" "-profile" "/tmp/rust_mozprofile0Mlmsd"
*** You are running in headless mode.
console.warn: SearchSettings: "get: No settings file exists, new profile?" (new Error("", "(unknown module)"))
console.warn: SearchSettings: "get: No settings file exists, new profile?" (new Error("", "(unknown module)"))
1612457059559	Marionette	INFO	Listening on port 38077
1612457059621	Marionette	WARN	TLS certificate errors will be ignored for this session
1612457059639	Marionette	ERROR	[18] No reply from Marionette:Register
JavaScript error: , line 0: NotFoundError: No such JSWindowActor 'MarionetteEvents'
1612457060915	Marionette	WARN	Ignoring event 'DOMContentLoaded' because document has an invalid readyState of 'complete'.
1612457062288	Marionette	INFO	Stopped listening on port 38077
1612457074944	geckodriver	INFO	Listening on 127.0.0.1:39915
1612457075951	mozrunner::runner	INFO	Running command: "/usr/bin/firefox" "--marionette" "-headless" "-foreground" "-no-remote" "-profile" "/tmp/rust_mozprofile3OWSoA"
*** You are running in headless mode.
console.warn: SearchSettings: "get: No settings file exists, new profile?" (new Error("", "(unknown module)"))
console.warn: SearchSettings: "get: No settings file exists, new profile?" (new Error("", "(unknown module)"))
1612457077845	Marionette	INFO	Listening on port 41119
1612457077884	Marionette	WARN	TLS certificate errors will be ignored for this session
1612457077899	Marionette	ERROR	[15] No reply from Marionette:Register
JavaScript error: , line 0: NotFoundError: No such JSWindowActor 'MarionetteEvents'
1612457079367	Marionette	WARN	Ignoring event 'DOMContentLoaded' because document has an invalid readyState of 'complete'.
1612457080493	Marionette	INFO	Stopped listening on port 41119
1612457223719	geckodriver	INFO	Listening on 127.0.0.1:42183
1612457224726	mozrunner::runner	INFO	Running command: "/usr/bin/firefox" "--marionette" "-headless" "-foreground" "-no-remote" "-profile" "/tmp/rust_mozprofileNyH2kD"
*** You are running in headless mode.
console.warn: SearchSettings: "get: No settings file exists, new profile?" (new Error("", "(unknown module)"))
console.warn: SearchSettings: "get: No settings file exists, new profile?" (new Error("", "(unknown module)"))
1612457226576	Marionette	INFO	Listening on port 32983
1612457226656	Marionette	WARN	TLS certificate errors will be ignored for this session
1612457226669	Marionette	ERROR	[15] No reply from Marionette:Register
JavaScript error: , line 0: NotFoundError: No such JSWindowActor 'MarionetteEvents'
1612457227905	Marionette	WARN	Ignoring event 'DOMContentLoaded' because document has an invalid readyState of 'complete'.
1612457233840	Marionette	INFO	Stopped listening on port 32983
1612457311061	geckodriver	INFO	Listening on 127.0.0.1:42319
1612457312066	mozrunner::runner	INFO	Running command: "/usr/bin/firefox" "--marionette" "-headless" "-foreground" "-no-remote" "-profile" "/tmp/rust_mozprofileSEVXsr"
*** You are running in headless mode.
console.warn: SearchSettings: "get: No settings file exists, new profile?" (new Error("", "(unknown module)"))
console.warn: SearchSettings: "get: No settings file exists, new profile?" (new Error("", "(unknown module)"))
1612457313958	Marionette	INFO	Listening on port 34943
1612457314006	Marionette	WARN	TLS certificate errors will be ignored for this session
1612457314028	Marionette	ERROR	[15] No reply from Marionette:Register
JavaScript error: , line 0: NotFoundError: No such JSWindowActor 'MarionetteEvents'
1612457315323	Marionette	WARN	Ignoring event 'DOMContentLoaded' because document has an invalid readyState of 'complete'.
1612457361004	geckodriver	INFO	Listening on 127.0.0.1:43023
1612457361009	mozrunner::runner	INFO	Running command: "/usr/bin/firefox" "--marionette" "-headless" "-foreground" "-no-remote" "-profile" "/tmp/rust_mozprofileeEvNAw"
*** You are running in headless mode.
console.warn: SearchSettings: "get: No settings file exists, new profile?" (new Error("", "(unknown module)"))
console.warn: SearchSettings: "get: No settings file exists, new profile?" (new Error("", "(unknown module)"))
1612457362811	Marionette	INFO	Listening on port 37087
1612457362838	Marionette	WARN	TLS certificate errors will be ignored for this session
1612457362852	Marionette	ERROR	[15] No reply from Marionette:Register
JavaScript error: , line 0: NotFoundError: No such JSWindowActor 'MarionetteEvents'
1612457364560	Marionette	WARN	Ignoring event 'DOMContentLoaded' because document has an invalid readyState of 'complete'.
1612457365671	Marionette	INFO	Stopped listening on port 37087
1612457800667	geckodriver	INFO	Listening on 127.0.0.1:41845
1612457801674	mozrunner::runner	INFO	Running command: "/usr/bin/firefox" "--marionette" "-headless" "-foreground" "-no-remote" "-profile" "/tmp/rust_mozprofileLiqLZb"
*** You are running in headless mode.
console.warn: SearchSettings: "get: No settings file exists, new profile?" (new Error("", "(unknown module)"))
1612457803310	Marionette	INFO	Listening on port 45979
1612457803404	Marionette	WARN	TLS certificate errors will be ignored for this session
console.warn: SearchSettings: "get: No settings file exists, new profile?" (new Error("", "(unknown module)"))
1612457803418	Marionette	ERROR	[15] No reply from Marionette:Register
JavaScript error: , line 0: NotFoundError: No such JSWindowActor 'MarionetteEvents'
1612457804885	Marionette	WARN	Ignoring event 'DOMContentLoaded' because document has an invalid readyState of 'complete'.
1612457805976	Marionette	INFO	Stopped listening on port 45979
1612457842920	geckodriver	INFO	Listening on 127.0.0.1:43939
1612457843927	mozrunner::runner	INFO	Running command: "/usr/bin/firefox" "--marionette" "-headless" "-foreground" "-no-remote" "-profile" "/tmp/rust_mozprofileYvBy9h"
*** You are running in headless mode.
console.warn: SearchSettings: "get: No settings file exists, new profile?" (new Error("", "(unknown module)"))
1612457845588	Marionette	INFO	Listening on port 35333
console.warn: SearchSettings: "get: No settings file exists, new profile?" (new Error("", "(unknown module)"))
1612457845654	Marionette	WARN	TLS certificate errors will be ignored for this session
1612457845666	Marionette	ERROR	[15] No reply from Marionette:Register
JavaScript error: , line 0: NotFoundError: No such JSWindowActor 'MarionetteEvents'
1612457846953	Marionette	WARN	Ignoring event 'DOMContentLoaded' because document has an invalid readyState of 'complete'.
1612457847953	Marionette	INFO	Stopped listening on port 35333
1612458123311	geckodriver	INFO	Listening on 127.0.0.1:46503
1612458124318	mozrunner::runner	INFO	Running command: "/usr/bin/firefox" "--marionette" "-headless" "-foreground" "-no-remote" "-profile" "/tmp/rust_mozprofileM0LxML"
*** You are running in headless mode.
console.warn: SearchSettings: "get: No settings file exists, new profile?" (new Error("", "(unknown module)"))
console.warn: SearchSettings: "get: No settings file exists, new profile?" (new Error("", "(unknown module)"))
1612458126202	Marionette	INFO	Listening on port 39301
1612458126240	Marionette	WARN	TLS certificate errors will be ignored for this session
1612458126258	Marionette	ERROR	[15] No reply from Marionette:Register
JavaScript error: , line 0: NotFoundError: No such JSWindowActor 'MarionetteEvents'
1612458127524	Marionette	WARN	Ignoring event 'DOMContentLoaded' because document has an invalid readyState of 'complete'.
1612458129939	Marionette	INFO	Stopped listening on port 39301
